"Task Aware Debugger for GDB" version 11.10.0 (202404041456)
Copyright 2016-2023 NXP
==================================
10:14:16.268 INFO: [ZephyrRTOS] .config file could not be read [invalid launch in DSF session]
10:14:16.269 INFO: [TadModel] DSF session ID 2 has started.
10:14:29.791 INFO: [TadState] TAD state changed: DEBUG_STARTED -> DEBUG_INIT_0 (SUSPENDED, USER_REQUEST)
10:34:45.624 INFO: [ZephyrRTOS] .config file could not be read [invalid launch in DSF session]
10:34:45.624 INFO: [TadModel] DSF session ID 12 has started.
10:34:47.49 INFO: [TadState] TAD state changed: DEBUG_STARTED -> DEBUG_INIT_0 (SUSPENDED, USER_REQUEST)
11:24:49.426 INFO: [ZephyrRTOS] .config file could not be read [invalid launch in DSF session]
11:24:49.426 INFO: [TadModel] DSF session ID 22 has started.
11:25:17.203 INFO: [TadState] TAD state changed: DEBUG_STARTED -> DEBUG_INIT_0 (SUSPENDED, USER_REQUEST)
11:44:02.636 INFO: [ZephyrRTOS] .config file could not be read [Program file does not exist]
11:44:02.637 INFO: [TadModel] DSF session ID 23 has started.
11:44:12.181 INFO: [ZephyrRTOS] .config file could not be read [invalid launch in DSF session]
11:44:12.181 INFO: [TadModel] DSF session ID 24 has started.
11:44:25.623 INFO: [TadState] TAD state changed: DEBUG_STARTED -> DEBUG_INIT_0 (SUSPENDED, USER_REQUEST)
11:44:25.730 INFO: [TadState] TAD state changed: DEBUG_INIT_0 -> DEBUG_INIT_1 (SUSPENDED, USER_REQUEST)
11:44:26.858 INFO: [TadState] TAD state changed: DEBUG_INIT_1 -> DEBUG_SUSPENDED (RESUMED, USER_REQUEST)
11:44:26.921 INFO: [TadState] TAD state changed: DEBUG_SUSPENDED -> DEBUG_SUSPENDED (SUSPENDED, BREAKPOINT)
11:44:32.354 INFO: [TadState] TAD state changed: DEBUG_SUSPENDED -> DEBUG_RESUMED (RESUMED, USER_REQUEST)
11:45:08.145 INFO: [TadModel] DSF session ID 23 has ended.
